<?xml version="1.0" encoding="UTF-8"?>
<!-- Generated by org.testng.reporters.JUnitReportReporter -->
<testsuite hostname="ADMINs-iMac.local" failures="0" tests="1" name="Academy.TestDummy" time="26.371" errors="0" timestamp="2020-08-18T19:53:30 IST" skipped="0">
  <testcase classname="Academy.TestDummy" name="open" time="26.371"/>
  <system-out/>
</testsuite> <!-- Academy.TestDummy -->
